Copyright 1986-2022 Xilinx, Inc. All Rights Reserved. Copyright 2022-2024 Advanced Micro Devices, Inc. All Rights Reserved.
---------------------------------------------------------------------------------------------------------------------------------------------------------------------------------------------------------------------------------
| Tool Version : Vivado v.2024.2 (win64) Build 5239630 Fri Nov 08 22:35:27 MST 2024
| Date         : Thu Feb 27 19:36:54 2025
| Host         : slimetop running 64-bit major release  (build 9200)
| Command      : report_timing_summary -max_paths 10 -report_unconstrained -file four_bit_RCA_timing_summary_routed.rpt -pb four_bit_RCA_timing_summary_routed.pb -rpx four_bit_RCA_timing_summary_routed.rpx -warn_on_violation
| Design       : four_bit_RCA
| Device       : 7a35t-cpg236
| Speed File   : -1  PRODUCTION 1.23 2018-06-13
| Design State : Routed
---------------------------------------------------------------------------------------------------------------------------------------------------------------------------------------------------------------------------------

Timing Summary Report

------------------------------------------------------------------------------------------------
| Timer Settings
| --------------
------------------------------------------------------------------------------------------------

  Enable Multi Corner Analysis               :  Yes
  Enable Pessimism Removal                   :  Yes
  Pessimism Removal Resolution               :  Nearest Common Node
  Enable Input Delay Default Clock           :  No
  Enable Preset / Clear Arcs                 :  No
  Disable Flight Delays                      :  No
  Ignore I/O Paths                           :  No
  Timing Early Launch at Borrowing Latches   :  No
  Borrow Time for Max Delay Exceptions       :  Yes
  Merge Timing Exceptions                    :  Yes
  Inter-SLR Compensation                     :  Conservative

  Corner  Analyze    Analyze    
  Name    Max Paths  Min Paths  
  ------  ---------  ---------  
  Slow    Yes        Yes        
  Fast    Yes        Yes        


------------------------------------------------------------------------------------------------
| Report Methodology
| ------------------
------------------------------------------------------------------------------------------------

No report available as report_methodology has not been run prior. Run report_methodology on the current design for the summary of methodology violations.



check_timing report

Table of Contents
-----------------
1. checking no_clock (0)
2. checking constant_clock (0)
3. checking pulse_width_clock (0)
4. checking unconstrained_internal_endpoints (0)
5. checking no_input_delay (0)
6. checking no_output_delay (0)
7. checking multiple_clock (0)
8. checking generated_clocks (0)
9. checking loops (0)
10. checking partial_input_delay (0)
11. checking partial_output_delay (0)
12. checking latch_loops (0)

1. checking no_clock (0)
------------------------
 There are 0 register/latch pins with no clock.


2. checking constant_clock (0)
------------------------------
 There are 0 register/latch pins with constant_clock.


3. checking pulse_width_clock (0)
---------------------------------
 There are 0 register/latch pins which need pulse_width check


4. checking unconstrained_internal_endpoints (0)
------------------------------------------------
 There are 0 pins that are not constrained for maximum delay.

 There are 0 pins that are not constrained for maximum delay due to constant clock.


5. checking no_input_delay (0)
------------------------------
 There are 0 input ports with no input delay specified.

 There are 0 input ports with no input delay but user has a false path constraint.


6. checking no_output_delay (0)
-------------------------------
 There are 0 ports with no output delay specified.

 There are 0 ports with no output delay but user has a false path constraint

 There are 0 ports with no output delay but with a timing clock defined on it or propagating through it


7. checking multiple_clock (0)
------------------------------
 There are 0 register/latch pins with multiple clocks.


8. checking generated_clocks (0)
--------------------------------
 There are 0 generated clocks that are not connected to a clock source.


9. checking loops (0)
---------------------
 There are 0 combinational loops in the design.


10. checking partial_input_delay (0)
------------------------------------
 There are 0 input ports with partial input delay specified.


11. checking partial_output_delay (0)
-------------------------------------
 There are 0 ports with partial output delay specified.


12. checking latch_loops (0)
----------------------------
 There are 0 combinational latch loops in the design through latch input



------------------------------------------------------------------------------------------------
| Design Timing Summary
| ---------------------
------------------------------------------------------------------------------------------------

    WNS(ns)      TNS(ns)  TNS Failing Endpoints  TNS Total Endpoints      WHS(ns)      THS(ns)  THS Failing Endpoints  THS Total Endpoints     WPWS(ns)     TPWS(ns)  TPWS Failing Endpoints  TPWS Total Endpoints  
    -------      -------  ---------------------  -------------------      -------      -------  ---------------------  -------------------     --------     --------  ----------------------  --------------------  
        inf        0.000                      0                    5          inf        0.000                      0                    5           NA           NA                      NA                    NA  


There are no user specified timing constraints.


------------------------------------------------------------------------------------------------
| Clock Summary
| -------------
------------------------------------------------------------------------------------------------


------------------------------------------------------------------------------------------------
| Intra Clock Table
| -----------------
------------------------------------------------------------------------------------------------

Clock             WNS(ns)      TNS(ns)  TNS Failing Endpoints  TNS Total Endpoints      WHS(ns)      THS(ns)  THS Failing Endpoints  THS Total Endpoints     WPWS(ns)     TPWS(ns)  TPWS Failing Endpoints  TPWS Total Endpoints  
-----             -------      -------  ---------------------  -------------------      -------      -------  ---------------------  -------------------     --------     --------  ----------------------  --------------------  


------------------------------------------------------------------------------------------------
| Inter Clock Table
| -----------------
------------------------------------------------------------------------------------------------

From Clock    To Clock          WNS(ns)      TNS(ns)  TNS Failing Endpoints  TNS Total Endpoints      WHS(ns)      THS(ns)  THS Failing Endpoints  THS Total Endpoints  
----------    --------          -------      -------  ---------------------  -------------------      -------      -------  ---------------------  -------------------  


------------------------------------------------------------------------------------------------
| Other Path Groups Table
| -----------------------
------------------------------------------------------------------------------------------------

Path Group    From Clock    To Clock          WNS(ns)      TNS(ns)  TNS Failing Endpoints  TNS Total Endpoints      WHS(ns)      THS(ns)  THS Failing Endpoints  THS Total Endpoints  
----------    ----------    --------          -------      -------  ---------------------  -------------------      -------      -------  ---------------------  -------------------  


------------------------------------------------------------------------------------------------
| User Ignored Path Table
| -----------------------
------------------------------------------------------------------------------------------------

Path Group    From Clock    To Clock    
----------    ----------    --------    


------------------------------------------------------------------------------------------------
| Unconstrained Path Table
| ------------------------
------------------------------------------------------------------------------------------------

Path Group    From Clock    To Clock    
----------    ----------    --------    
(none)                                    


------------------------------------------------------------------------------------------------
| Timing Details
| --------------
------------------------------------------------------------------------------------------------


--------------------------------------------------------------------------------------
Path Group:  (none)
From Clock:  
  To Clock:  

Max Delay             5 Endpoints
Min Delay             5 Endpoints
--------------------------------------------------------------------------------------


Max Delay Paths
--------------------------------------------------------------------------------------
Slack:                    inf
  Source:                 B[0]
                            (input port)
  Destination:            C_out
                            (output port)
  Path Group:             (none)
  Path Type:              Max at Slow Process Corner
  Data Path Delay:        8.184ns  (logic 4.215ns (51.501%)  route 3.969ns (48.499%))
  Logic Levels:           4  (IBUF=1 LUT5=2 OBUF=1)

    Location             Delay type                Incr(ns)  Path(ns)    Netlist Resource(s)
  -------------------------------------------------------------------    -------------------
    U15                                               0.000     0.000 r  B[0] (IN)
                         net (fo=0)                   0.000     0.000    B[0]
    U15                  IBUF (Prop_ibuf_I_O)         0.945     0.945 r  B_IBUF[0]_inst/O
                         net (fo=3, routed)           1.605     2.550    B_IBUF[0]
    SLICE_X0Y7           LUT5 (Prop_lut5_I3_O)        0.152     2.702 r  S_OBUF[3]_inst_i_2/O
                         net (fo=3, routed)           0.487     3.189    C2
    SLICE_X0Y7           LUT5 (Prop_lut5_I2_O)        0.321     3.510 r  C_out_OBUF_inst_i_1/O
                         net (fo=1, routed)           1.877     5.387    C_out_OBUF
    U18                  OBUF (Prop_obuf_I_O)         2.797     8.184 r  C_out_OBUF_inst/O
                         net (fo=0)                   0.000     8.184    C_out
    U18                                                               r  C_out (OUT)
  -------------------------------------------------------------------    -------------------

Slack:                    inf
  Source:                 B[0]
                            (input port)
  Destination:            S[3]
                            (output port)
  Path Group:             (none)
  Path Type:              Max at Slow Process Corner
  Data Path Delay:        7.847ns  (logic 4.032ns (51.379%)  route 3.815ns (48.621%))
  Logic Levels:           4  (IBUF=1 LUT5=2 OBUF=1)

    Location             Delay type                Incr(ns)  Path(ns)    Netlist Resource(s)
  -------------------------------------------------------------------    -------------------
    U15                                               0.000     0.000 r  B[0] (IN)
                         net (fo=0)                   0.000     0.000    B[0]
    U15                  IBUF (Prop_ibuf_I_O)         0.945     0.945 r  B_IBUF[0]_inst/O
                         net (fo=3, routed)           1.605     2.550    B_IBUF[0]
    SLICE_X0Y7           LUT5 (Prop_lut5_I3_O)        0.152     2.702 r  S_OBUF[3]_inst_i_2/O
                         net (fo=3, routed)           0.487     3.189    C2
    SLICE_X0Y7           LUT5 (Prop_lut5_I3_O)        0.326     3.515 r  S_OBUF[3]_inst_i_1/O
                         net (fo=1, routed)           1.723     5.238    S_OBUF[3]
    V16                  OBUF (Prop_obuf_I_O)         2.609     7.847 r  S_OBUF[3]_inst/O
                         net (fo=0)                   0.000     7.847    S[3]
    V16                                                               r  S[3] (OUT)
  -------------------------------------------------------------------    -------------------

Slack:                    inf
  Source:                 B[0]
                            (input port)
  Destination:            S[2]
                            (output port)
  Path Group:             (none)
  Path Type:              Max at Slow Process Corner
  Data Path Delay:        7.791ns  (logic 4.023ns (51.640%)  route 3.768ns (48.360%))
  Logic Levels:           4  (IBUF=1 LUT3=1 LUT5=1 OBUF=1)

    Location             Delay type                Incr(ns)  Path(ns)    Netlist Resource(s)
  -------------------------------------------------------------------    -------------------
    U15                                               0.000     0.000 r  B[0] (IN)
                         net (fo=0)                   0.000     0.000    B[0]
    U15                  IBUF (Prop_ibuf_I_O)         0.945     0.945 r  B_IBUF[0]_inst/O
                         net (fo=3, routed)           1.605     2.550    B_IBUF[0]
    SLICE_X0Y7           LUT5 (Prop_lut5_I3_O)        0.152     2.702 r  S_OBUF[3]_inst_i_2/O
                         net (fo=3, routed)           0.451     3.153    C2
    SLICE_X0Y7           LUT3 (Prop_lut3_I2_O)        0.326     3.479 r  S_OBUF[2]_inst_i_1/O
                         net (fo=1, routed)           1.712     5.190    S_OBUF[2]
    V17                  OBUF (Prop_obuf_I_O)         2.601     7.791 r  S_OBUF[2]_inst/O
                         net (fo=0)                   0.000     7.791    S[2]
    V17                                                               r  S[2] (OUT)
  -------------------------------------------------------------------    -------------------

Slack:                    inf
  Source:                 B[0]
                            (input port)
  Destination:            S[1]
                            (output port)
  Path Group:             (none)
  Path Type:              Max at Slow Process Corner
  Data Path Delay:        6.997ns  (logic 3.680ns (52.597%)  route 3.317ns (47.403%))
  Logic Levels:           3  (IBUF=1 LUT5=1 OBUF=1)

    Location             Delay type                Incr(ns)  Path(ns)    Netlist Resource(s)
  -------------------------------------------------------------------    -------------------
    U15                                               0.000     0.000 r  B[0] (IN)
                         net (fo=0)                   0.000     0.000    B[0]
    U15                  IBUF (Prop_ibuf_I_O)         0.945     0.945 r  B_IBUF[0]_inst/O
                         net (fo=3, routed)           1.605     2.550    B_IBUF[0]
    SLICE_X0Y7           LUT5 (Prop_lut5_I2_O)        0.124     2.674 r  S_OBUF[1]_inst_i_1/O
                         net (fo=1, routed)           1.712     4.386    S_OBUF[1]
    W16                  OBUF (Prop_obuf_I_O)         2.612     6.997 r  S_OBUF[1]_inst/O
                         net (fo=0)                   0.000     6.997    S[1]
    W16                                                               r  S[1] (OUT)
  -------------------------------------------------------------------    -------------------

Slack:                    inf
  Source:                 B[0]
                            (input port)
  Destination:            S[0]
                            (output port)
  Path Group:             (none)
  Path Type:              Max at Slow Process Corner
  Data Path Delay:        6.904ns  (logic 3.665ns (53.082%)  route 3.239ns (46.918%))
  Logic Levels:           3  (IBUF=1 LUT3=1 OBUF=1)

    Location             Delay type                Incr(ns)  Path(ns)    Netlist Resource(s)
  -------------------------------------------------------------------    -------------------
    U15                                               0.000     0.000 r  B[0] (IN)
                         net (fo=0)                   0.000     0.000    B[0]
    U15                  IBUF (Prop_ibuf_I_O)         0.945     0.945 r  B_IBUF[0]_inst/O
                         net (fo=3, routed)           1.429     2.374    B_IBUF[0]
    SLICE_X0Y7           LUT3 (Prop_lut3_I0_O)        0.124     2.498 r  S_OBUF[0]_inst_i_1/O
                         net (fo=1, routed)           1.810     4.308    S_OBUF[0]
    W17                  OBUF (Prop_obuf_I_O)         2.596     6.904 r  S_OBUF[0]_inst/O
                         net (fo=0)                   0.000     6.904    S[0]
    W17                                                               r  S[0] (OUT)
  -------------------------------------------------------------------    -------------------





Min Delay Paths
--------------------------------------------------------------------------------------
Slack:                    inf
  Source:                 C_in
                            (input port)
  Destination:            S[0]
                            (output port)
  Path Group:             (none)
  Path Type:              Min at Fast Process Corner
  Data Path Delay:        2.083ns  (logic 1.338ns (64.251%)  route 0.745ns (35.749%))
  Logic Levels:           3  (IBUF=1 LUT3=1 OBUF=1)

    Location             Delay type                Incr(ns)  Path(ns)    Netlist Resource(s)
  -------------------------------------------------------------------    -------------------
    V15                                               0.000     0.000 r  C_in (IN)
                         net (fo=0)                   0.000     0.000    C_in
    V15                  IBUF (Prop_ibuf_I_O)         0.180     0.180 r  C_in_IBUF_inst/O
                         net (fo=3, routed)           0.354     0.534    C_in_IBUF
    SLICE_X0Y7           LUT3 (Prop_lut3_I2_O)        0.045     0.579 r  S_OBUF[0]_inst_i_1/O
                         net (fo=1, routed)           0.391     0.970    S_OBUF[0]
    W17                  OBUF (Prop_obuf_I_O)         1.113     2.083 r  S_OBUF[0]_inst/O
                         net (fo=0)                   0.000     2.083    S[0]
    W17                                                               r  S[0] (OUT)
  -------------------------------------------------------------------    -------------------

Slack:                    inf
  Source:                 A[1]
                            (input port)
  Destination:            S[1]
                            (output port)
  Path Group:             (none)
  Path Type:              Min at Fast Process Corner
  Data Path Delay:        2.108ns  (logic 1.334ns (63.281%)  route 0.774ns (36.719%))
  Logic Levels:           3  (IBUF=1 LUT5=1 OBUF=1)

    Location             Delay type                Incr(ns)  Path(ns)    Netlist Resource(s)
  -------------------------------------------------------------------    -------------------
    V14                                               0.000     0.000 r  A[1] (IN)
                         net (fo=0)                   0.000     0.000    A[1]
    V14                  IBUF (Prop_ibuf_I_O)         0.160     0.160 r  A_IBUF[1]_inst/O
                         net (fo=2, routed)           0.417     0.577    A_IBUF[1]
    SLICE_X0Y7           LUT5 (Prop_lut5_I1_O)        0.045     0.622 r  S_OBUF[1]_inst_i_1/O
                         net (fo=1, routed)           0.357     0.979    S_OBUF[1]
    W16                  OBUF (Prop_obuf_I_O)         1.129     2.108 r  S_OBUF[1]_inst/O
                         net (fo=0)                   0.000     2.108    S[1]
    W16                                                               r  S[1] (OUT)
  -------------------------------------------------------------------    -------------------

Slack:                    inf
  Source:                 B[3]
                            (input port)
  Destination:            S[3]
                            (output port)
  Path Group:             (none)
  Path Type:              Min at Fast Process Corner
  Data Path Delay:        2.112ns  (logic 1.336ns (63.272%)  route 0.776ns (36.728%))
  Logic Levels:           3  (IBUF=1 LUT5=1 OBUF=1)

    Location             Delay type                Incr(ns)  Path(ns)    Netlist Resource(s)
  -------------------------------------------------------------------    -------------------
    W15                                               0.000     0.000 r  B[3] (IN)
                         net (fo=0)                   0.000     0.000    B[3]
    W15                  IBUF (Prop_ibuf_I_O)         0.165     0.165 r  B_IBUF[3]_inst/O
                         net (fo=2, routed)           0.425     0.590    B_IBUF[3]
    SLICE_X0Y7           LUT5 (Prop_lut5_I0_O)        0.045     0.635 r  S_OBUF[3]_inst_i_1/O
                         net (fo=1, routed)           0.350     0.985    S_OBUF[3]
    V16                  OBUF (Prop_obuf_I_O)         1.126     2.112 r  S_OBUF[3]_inst/O
                         net (fo=0)                   0.000     2.112    S[3]
    V16                                                               r  S[3] (OUT)
  -------------------------------------------------------------------    -------------------

Slack:                    inf
  Source:                 B[2]
                            (input port)
  Destination:            S[2]
                            (output port)
  Path Group:             (none)
  Path Type:              Min at Fast Process Corner
  Data Path Delay:        2.197ns  (logic 1.336ns (60.797%)  route 0.861ns (39.203%))
  Logic Levels:           3  (IBUF=1 LUT3=1 OBUF=1)

    Location             Delay type                Incr(ns)  Path(ns)    Netlist Resource(s)
  -------------------------------------------------------------------    -------------------
    W13                                               0.000     0.000 r  B[2] (IN)
                         net (fo=0)                   0.000     0.000    B[2]
    W13                  IBUF (Prop_ibuf_I_O)         0.173     0.173 r  B_IBUF[2]_inst/O
                         net (fo=3, routed)           0.508     0.681    B_IBUF[2]
    SLICE_X0Y7           LUT3 (Prop_lut3_I0_O)        0.045     0.726 r  S_OBUF[2]_inst_i_1/O
                         net (fo=1, routed)           0.353     1.079    S_OBUF[2]
    V17                  OBUF (Prop_obuf_I_O)         1.118     2.197 r  S_OBUF[2]_inst/O
                         net (fo=0)                   0.000     2.197    S[2]
    V17                                                               r  S[2] (OUT)
  -------------------------------------------------------------------    -------------------

Slack:                    inf
  Source:                 B[3]
                            (input port)
  Destination:            C_out
                            (output port)
  Path Group:             (none)
  Path Type:              Min at Fast Process Corner
  Data Path Delay:        2.234ns  (logic 1.383ns (61.903%)  route 0.851ns (38.097%))
  Logic Levels:           3  (IBUF=1 LUT5=1 OBUF=1)

    Location             Delay type                Incr(ns)  Path(ns)    Netlist Resource(s)
  -------------------------------------------------------------------    -------------------
    W15                                               0.000     0.000 r  B[3] (IN)
                         net (fo=0)                   0.000     0.000    B[3]
    W15                  IBUF (Prop_ibuf_I_O)         0.165     0.165 r  B_IBUF[3]_inst/O
                         net (fo=2, routed)           0.425     0.590    B_IBUF[3]
    SLICE_X0Y7           LUT5 (Prop_lut5_I0_O)        0.045     0.635 r  C_out_OBUF_inst_i_1/O
                         net (fo=1, routed)           0.426     1.061    C_out_OBUF
    U18                  OBUF (Prop_obuf_I_O)         1.173     2.234 r  C_out_OBUF_inst/O
                         net (fo=0)                   0.000     2.234    C_out
    U18                                                               r  C_out (OUT)
  -------------------------------------------------------------------    -------------------





