Copyright 1986-2022 Xilinx, Inc. All Rights Reserved. Copyright 2022-2024 Advanced Micro Devices, Inc. All Rights Reserved.
---------------------------------------------------------------------------------------------------------------------------------------------------------------------------------------------------------------------------------
| Tool Version : Vivado v.2024.2 (win64) Build 5239630 Fri Nov 08 22:35:27 MST 2024
| Date         : Tue Mar  4 17:19:19 2025
| Host         : slimetop running 64-bit major release  (build 9200)
| Command      : report_timing_summary -max_paths 10 -report_unconstrained -file four_bit_RCS_timing_summary_routed.rpt -pb four_bit_RCS_timing_summary_routed.pb -rpx four_bit_RCS_timing_summary_routed.rpx -warn_on_violation
| Design       : four_bit_RCS
| Device       : 7a35t-cpg236
| Speed File   : -1  PRODUCTION 1.23 2018-06-13
| Design State : Routed
---------------------------------------------------------------------------------------------------------------------------------------------------------------------------------------------------------------------------------

Timing Summary Report

------------------------------------------------------------------------------------------------
| Timer Settings
| --------------
------------------------------------------------------------------------------------------------

  Enable Multi Corner Analysis               :  Yes
  Enable Pessimism Removal                   :  Yes
  Pessimism Removal Resolution               :  Nearest Common Node
  Enable Input Delay Default Clock           :  No
  Enable Preset / Clear Arcs                 :  No
  Disable Flight Delays                      :  No
  Ignore I/O Paths                           :  No
  Timing Early Launch at Borrowing Latches   :  No
  Borrow Time for Max Delay Exceptions       :  Yes
  Merge Timing Exceptions                    :  Yes
  Inter-SLR Compensation                     :  Conservative

  Corner  Analyze    Analyze    
  Name    Max Paths  Min Paths  
  ------  ---------  ---------  
  Slow    Yes        Yes        
  Fast    Yes        Yes        


------------------------------------------------------------------------------------------------
| Report Methodology
| ------------------
------------------------------------------------------------------------------------------------

No report available as report_methodology has not been run prior. Run report_methodology on the current design for the summary of methodology violations.



check_timing report

Table of Contents
-----------------
1. checking no_clock (0)
2. checking constant_clock (0)
3. checking pulse_width_clock (0)
4. checking unconstrained_internal_endpoints (0)
5. checking no_input_delay (0)
6. checking no_output_delay (0)
7. checking multiple_clock (0)
8. checking generated_clocks (0)
9. checking loops (0)
10. checking partial_input_delay (0)
11. checking partial_output_delay (0)
12. checking latch_loops (0)

1. checking no_clock (0)
------------------------
 There are 0 register/latch pins with no clock.


2. checking constant_clock (0)
------------------------------
 There are 0 register/latch pins with constant_clock.


3. checking pulse_width_clock (0)
---------------------------------
 There are 0 register/latch pins which need pulse_width check


4. checking unconstrained_internal_endpoints (0)
------------------------------------------------
 There are 0 pins that are not constrained for maximum delay.

 There are 0 pins that are not constrained for maximum delay due to constant clock.


5. checking no_input_delay (0)
------------------------------
 There are 0 input ports with no input delay specified.

 There are 0 input ports with no input delay but user has a false path constraint.


6. checking no_output_delay (0)
-------------------------------
 There are 0 ports with no output delay specified.

 There are 0 ports with no output delay but user has a false path constraint

 There are 0 ports with no output delay but with a timing clock defined on it or propagating through it


7. checking multiple_clock (0)
------------------------------
 There are 0 register/latch pins with multiple clocks.


8. checking generated_clocks (0)
--------------------------------
 There are 0 generated clocks that are not connected to a clock source.


9. checking loops (0)
---------------------
 There are 0 combinational loops in the design.


10. checking partial_input_delay (0)
------------------------------------
 There are 0 input ports with partial input delay specified.


11. checking partial_output_delay (0)
-------------------------------------
 There are 0 ports with partial output delay specified.


12. checking latch_loops (0)
----------------------------
 There are 0 combinational latch loops in the design through latch input



------------------------------------------------------------------------------------------------
| Design Timing Summary
| ---------------------
------------------------------------------------------------------------------------------------

    WNS(ns)      TNS(ns)  TNS Failing Endpoints  TNS Total Endpoints      WHS(ns)      THS(ns)  THS Failing Endpoints  THS Total Endpoints     WPWS(ns)     TPWS(ns)  TPWS Failing Endpoints  TPWS Total Endpoints  
    -------      -------  ---------------------  -------------------      -------      -------  ---------------------  -------------------     --------     --------  ----------------------  --------------------  
        inf        0.000                      0                    5          inf        0.000                      0                    5           NA           NA                      NA                    NA  


There are no user specified timing constraints.


------------------------------------------------------------------------------------------------
| Clock Summary
| -------------
------------------------------------------------------------------------------------------------


------------------------------------------------------------------------------------------------
| Intra Clock Table
| -----------------
------------------------------------------------------------------------------------------------

Clock             WNS(ns)      TNS(ns)  TNS Failing Endpoints  TNS Total Endpoints      WHS(ns)      THS(ns)  THS Failing Endpoints  THS Total Endpoints     WPWS(ns)     TPWS(ns)  TPWS Failing Endpoints  TPWS Total Endpoints  
-----             -------      -------  ---------------------  -------------------      -------      -------  ---------------------  -------------------     --------     --------  ----------------------  --------------------  


------------------------------------------------------------------------------------------------
| Inter Clock Table
| -----------------
------------------------------------------------------------------------------------------------

From Clock    To Clock          WNS(ns)      TNS(ns)  TNS Failing Endpoints  TNS Total Endpoints      WHS(ns)      THS(ns)  THS Failing Endpoints  THS Total Endpoints  
----------    --------          -------      -------  ---------------------  -------------------      -------      -------  ---------------------  -------------------  


------------------------------------------------------------------------------------------------
| Other Path Groups Table
| -----------------------
------------------------------------------------------------------------------------------------

Path Group    From Clock    To Clock          WNS(ns)      TNS(ns)  TNS Failing Endpoints  TNS Total Endpoints      WHS(ns)      THS(ns)  THS Failing Endpoints  THS Total Endpoints  
----------    ----------    --------          -------      -------  ---------------------  -------------------      -------      -------  ---------------------  -------------------  


------------------------------------------------------------------------------------------------
| User Ignored Path Table
| -----------------------
------------------------------------------------------------------------------------------------

Path Group    From Clock    To Clock    
----------    ----------    --------    


------------------------------------------------------------------------------------------------
| Unconstrained Path Table
| ------------------------
------------------------------------------------------------------------------------------------

Path Group    From Clock    To Clock    
----------    ----------    --------    
(none)                                    


------------------------------------------------------------------------------------------------
| Timing Details
| --------------
------------------------------------------------------------------------------------------------


--------------------------------------------------------------------------------------
Path Group:  (none)
From Clock:  
  To Clock:  

Max Delay             5 Endpoints
Min Delay             5 Endpoints
--------------------------------------------------------------------------------------


Max Delay Paths
--------------------------------------------------------------------------------------
Slack:                    inf
  Source:                 A[0]
                            (input port)
  Destination:            C_out
                            (output port)
  Path Group:             (none)
  Path Type:              Max at Slow Process Corner
  Data Path Delay:        7.986ns  (logic 3.773ns (47.254%)  route 4.212ns (52.746%))
  Logic Levels:           4  (IBUF=1 LUT5=1 LUT6=1 OBUF=1)

    Location             Delay type                Incr(ns)  Path(ns)    Netlist Resource(s)
  -------------------------------------------------------------------    -------------------
    U14                                               0.000     0.000 r  A[0] (IN)
                         net (fo=0)                   0.000     0.000    A[0]
    U14                  IBUF (Prop_ibuf_I_O)         0.936     0.936 r  A_IBUF[0]_inst/O
                         net (fo=3, routed)           1.617     2.554    A_IBUF[0]
    SLICE_X0Y6           LUT5 (Prop_lut5_I1_O)        0.124     2.678 r  S_OBUF[3]_inst_i_2/O
                         net (fo=3, routed)           0.743     3.421    C2
    SLICE_X0Y7           LUT6 (Prop_lut6_I2_O)        0.124     3.545 r  C_out_OBUF_inst_i_1/O
                         net (fo=1, routed)           1.851     5.396    C_out_OBUF
    U18                  OBUF (Prop_obuf_I_O)         2.589     7.986 r  C_out_OBUF_inst/O
                         net (fo=0)                   0.000     7.986    C_out
    U18                                                               r  C_out (OUT)
  -------------------------------------------------------------------    -------------------

Slack:                    inf
  Source:                 A[0]
                            (input port)
  Destination:            S[2]
                            (output port)
  Path Group:             (none)
  Path Type:              Max at Slow Process Corner
  Data Path Delay:        7.724ns  (logic 3.785ns (49.006%)  route 3.939ns (50.994%))
  Logic Levels:           4  (IBUF=1 LUT4=1 LUT5=1 OBUF=1)

    Location             Delay type                Incr(ns)  Path(ns)    Netlist Resource(s)
  -------------------------------------------------------------------    -------------------
    U14                                               0.000     0.000 r  A[0] (IN)
                         net (fo=0)                   0.000     0.000    A[0]
    U14                  IBUF (Prop_ibuf_I_O)         0.936     0.936 r  A_IBUF[0]_inst/O
                         net (fo=3, routed)           1.617     2.554    A_IBUF[0]
    SLICE_X0Y6           LUT5 (Prop_lut5_I1_O)        0.124     2.678 r  S_OBUF[3]_inst_i_2/O
                         net (fo=3, routed)           0.457     3.135    C2
    SLICE_X0Y7           LUT4 (Prop_lut4_I3_O)        0.124     3.259 r  S_OBUF[2]_inst_i_1/O
                         net (fo=1, routed)           1.864     5.123    S_OBUF[2]
    V17                  OBUF (Prop_obuf_I_O)         2.601     7.724 r  S_OBUF[2]_inst/O
                         net (fo=0)                   0.000     7.724    S[2]
    V17                                                               r  S[2] (OUT)
  -------------------------------------------------------------------    -------------------

Slack:                    inf
  Source:                 A[0]
                            (input port)
  Destination:            S[3]
                            (output port)
  Path Group:             (none)
  Path Type:              Max at Slow Process Corner
  Data Path Delay:        7.592ns  (logic 3.793ns (49.968%)  route 3.798ns (50.032%))
  Logic Levels:           4  (IBUF=1 LUT5=1 LUT6=1 OBUF=1)

    Location             Delay type                Incr(ns)  Path(ns)    Netlist Resource(s)
  -------------------------------------------------------------------    -------------------
    U14                                               0.000     0.000 r  A[0] (IN)
                         net (fo=0)                   0.000     0.000    A[0]
    U14                  IBUF (Prop_ibuf_I_O)         0.936     0.936 r  A_IBUF[0]_inst/O
                         net (fo=3, routed)           1.617     2.554    A_IBUF[0]
    SLICE_X0Y6           LUT5 (Prop_lut5_I1_O)        0.124     2.678 r  S_OBUF[3]_inst_i_2/O
                         net (fo=3, routed)           0.458     3.135    C2
    SLICE_X0Y7           LUT6 (Prop_lut6_I4_O)        0.124     3.259 r  S_OBUF[3]_inst_i_1/O
                         net (fo=1, routed)           1.723     4.983    S_OBUF[3]
    V16                  OBUF (Prop_obuf_I_O)         2.609     7.592 r  S_OBUF[3]_inst/O
                         net (fo=0)                   0.000     7.592    S[3]
    V16                                                               r  S[3] (OUT)
  -------------------------------------------------------------------    -------------------

Slack:                    inf
  Source:                 A[0]
                            (input port)
  Destination:            S[1]
                            (output port)
  Path Group:             (none)
  Path Type:              Max at Slow Process Corner
  Data Path Delay:        7.387ns  (logic 3.902ns (52.821%)  route 3.485ns (47.179%))
  Logic Levels:           3  (IBUF=1 LUT5=1 OBUF=1)

    Location             Delay type                Incr(ns)  Path(ns)    Netlist Resource(s)
  -------------------------------------------------------------------    -------------------
    U14                                               0.000     0.000 r  A[0] (IN)
                         net (fo=0)                   0.000     0.000    A[0]
    U14                  IBUF (Prop_ibuf_I_O)         0.936     0.936 r  A_IBUF[0]_inst/O
                         net (fo=3, routed)           1.617     2.554    A_IBUF[0]
    SLICE_X0Y6           LUT5 (Prop_lut5_I4_O)        0.152     2.706 r  S_OBUF[1]_inst_i_1/O
                         net (fo=1, routed)           1.868     4.574    S_OBUF[1]
    W16                  OBUF (Prop_obuf_I_O)         2.814     7.387 r  S_OBUF[1]_inst/O
                         net (fo=0)                   0.000     7.387    S[1]
    W16                                                               r  S[1] (OUT)
  -------------------------------------------------------------------    -------------------

Slack:                    inf
  Source:                 B[0]
                            (input port)
  Destination:            S[0]
                            (output port)
  Path Group:             (none)
  Path Type:              Max at Slow Process Corner
  Data Path Delay:        6.703ns  (logic 3.665ns (54.675%)  route 3.038ns (45.325%))
  Logic Levels:           3  (IBUF=1 LUT2=1 OBUF=1)

    Location             Delay type                Incr(ns)  Path(ns)    Netlist Resource(s)
  -------------------------------------------------------------------    -------------------
    U15                                               0.000     0.000 r  B[0] (IN)
                         net (fo=0)                   0.000     0.000    B[0]
    U15                  IBUF (Prop_ibuf_I_O)         0.945     0.945 r  B_IBUF[0]_inst/O
                         net (fo=3, routed)           1.214     2.158    B_IBUF[0]
    SLICE_X0Y6           LUT2 (Prop_lut2_I0_O)        0.124     2.282 r  S_OBUF[0]_inst_i_1/O
                         net (fo=1, routed)           1.825     4.107    S_OBUF[0]
    W17                  OBUF (Prop_obuf_I_O)         2.596     6.703 r  S_OBUF[0]_inst/O
                         net (fo=0)                   0.000     6.703    S[0]
    W17                                                               r  S[0] (OUT)
  -------------------------------------------------------------------    -------------------





Min Delay Paths
--------------------------------------------------------------------------------------
Slack:                    inf
  Source:                 B[3]
                            (input port)
  Destination:            S[3]
                            (output port)
  Path Group:             (none)
  Path Type:              Min at Fast Process Corner
  Data Path Delay:        2.035ns  (logic 1.336ns (65.662%)  route 0.699ns (34.338%))
  Logic Levels:           3  (IBUF=1 LUT6=1 OBUF=1)

    Location             Delay type                Incr(ns)  Path(ns)    Netlist Resource(s)
  -------------------------------------------------------------------    -------------------
    W15                                               0.000     0.000 r  B[3] (IN)
                         net (fo=0)                   0.000     0.000    B[3]
    W15                  IBUF (Prop_ibuf_I_O)         0.165     0.165 r  B_IBUF[3]_inst/O
                         net (fo=2, routed)           0.348     0.513    B_IBUF[3]
    SLICE_X0Y7           LUT6 (Prop_lut6_I0_O)        0.045     0.558 r  S_OBUF[3]_inst_i_1/O
                         net (fo=1, routed)           0.350     0.909    S_OBUF[3]
    V16                  OBUF (Prop_obuf_I_O)         1.126     2.035 r  S_OBUF[3]_inst/O
                         net (fo=0)                   0.000     2.035    S[3]
    V16                                                               r  S[3] (OUT)
  -------------------------------------------------------------------    -------------------

Slack:                    inf
  Source:                 B[3]
                            (input port)
  Destination:            C_out
                            (output port)
  Path Group:             (none)
  Path Type:              Min at Fast Process Corner
  Data Path Delay:        2.075ns  (logic 1.316ns (63.435%)  route 0.759ns (36.565%))
  Logic Levels:           3  (IBUF=1 LUT6=1 OBUF=1)

    Location             Delay type                Incr(ns)  Path(ns)    Netlist Resource(s)
  -------------------------------------------------------------------    -------------------
    W15                                               0.000     0.000 r  B[3] (IN)
                         net (fo=0)                   0.000     0.000    B[3]
    W15                  IBUF (Prop_ibuf_I_O)         0.165     0.165 r  B_IBUF[3]_inst/O
                         net (fo=2, routed)           0.347     0.512    B_IBUF[3]
    SLICE_X0Y7           LUT6 (Prop_lut6_I0_O)        0.045     0.557 r  C_out_OBUF_inst_i_1/O
                         net (fo=1, routed)           0.411     0.969    C_out_OBUF
    U18                  OBUF (Prop_obuf_I_O)         1.106     2.075 r  C_out_OBUF_inst/O
                         net (fo=0)                   0.000     2.075    C_out
    U18                                                               r  C_out (OUT)
  -------------------------------------------------------------------    -------------------

Slack:                    inf
  Source:                 A[0]
                            (input port)
  Destination:            S[0]
                            (output port)
  Path Group:             (none)
  Path Type:              Min at Fast Process Corner
  Data Path Delay:        2.146ns  (logic 1.324ns (61.687%)  route 0.822ns (38.313%))
  Logic Levels:           3  (IBUF=1 LUT2=1 OBUF=1)

    Location             Delay type                Incr(ns)  Path(ns)    Netlist Resource(s)
  -------------------------------------------------------------------    -------------------
    U14                                               0.000     0.000 r  A[0] (IN)
                         net (fo=0)                   0.000     0.000    A[0]
    U14                  IBUF (Prop_ibuf_I_O)         0.165     0.165 r  A_IBUF[0]_inst/O
                         net (fo=3, routed)           0.431     0.596    A_IBUF[0]
    SLICE_X0Y6           LUT2 (Prop_lut2_I1_O)        0.045     0.641 r  S_OBUF[0]_inst_i_1/O
                         net (fo=1, routed)           0.392     1.033    S_OBUF[0]
    W17                  OBUF (Prop_obuf_I_O)         1.113     2.146 r  S_OBUF[0]_inst/O
                         net (fo=0)                   0.000     2.146    S[0]
    W17                                                               r  S[0] (OUT)
  -------------------------------------------------------------------    -------------------

Slack:                    inf
  Source:                 C_in
                            (input port)
  Destination:            S[2]
                            (output port)
  Path Group:             (none)
  Path Type:              Min at Fast Process Corner
  Data Path Delay:        2.213ns  (logic 1.343ns (60.665%)  route 0.871ns (39.335%))
  Logic Levels:           3  (IBUF=1 LUT4=1 OBUF=1)

    Location             Delay type                Incr(ns)  Path(ns)    Netlist Resource(s)
  -------------------------------------------------------------------    -------------------
    V15                                               0.000     0.000 r  C_in (IN)
                         net (fo=0)                   0.000     0.000    C_in
    V15                  IBUF (Prop_ibuf_I_O)         0.180     0.180 r  C_in_IBUF_inst/O
                         net (fo=5, routed)           0.462     0.642    C_in_IBUF
    SLICE_X0Y7           LUT4 (Prop_lut4_I1_O)        0.045     0.687 r  S_OBUF[2]_inst_i_1/O
                         net (fo=1, routed)           0.409     1.096    S_OBUF[2]
    V17                  OBUF (Prop_obuf_I_O)         1.118     2.213 r  S_OBUF[2]_inst/O
                         net (fo=0)                   0.000     2.213    S[2]
    V17                                                               r  S[2] (OUT)
  -------------------------------------------------------------------    -------------------

Slack:                    inf
  Source:                 A[1]
                            (input port)
  Destination:            S[1]
                            (output port)
  Path Group:             (none)
  Path Type:              Min at Fast Process Corner
  Data Path Delay:        2.223ns  (logic 1.399ns (62.915%)  route 0.824ns (37.085%))
  Logic Levels:           3  (IBUF=1 LUT5=1 OBUF=1)

    Location             Delay type                Incr(ns)  Path(ns)    Netlist Resource(s)
  -------------------------------------------------------------------    -------------------
    V14                                               0.000     0.000 r  A[1] (IN)
                         net (fo=0)                   0.000     0.000    A[1]
    V14                  IBUF (Prop_ibuf_I_O)         0.160     0.160 r  A_IBUF[1]_inst/O
                         net (fo=2, routed)           0.412     0.572    A_IBUF[1]
    SLICE_X0Y6           LUT5 (Prop_lut5_I1_O)        0.048     0.620 r  S_OBUF[1]_inst_i_1/O
                         net (fo=1, routed)           0.413     1.032    S_OBUF[1]
    W16                  OBUF (Prop_obuf_I_O)         1.191     2.223 r  S_OBUF[1]_inst/O
                         net (fo=0)                   0.000     2.223    S[1]
    W16                                                               r  S[1] (OUT)
  -------------------------------------------------------------------    -------------------





