#-----------------------------------------------------------
# Vivado v2024.2 (64-bit)
# SW Build 5239630 on Fri Nov 08 22:35:27 MST 2024
# IP Build 5239520 on Sun Nov 10 16:12:51 MST 2024
# SharedData Build 5239561 on Fri Nov 08 14:39:27 MST 2024
# Start of session at: Thu Feb 27 18:02:18 2025
# Process ID         : 41724
# Current directory  : C:/Users/dreia/Downloads/ECE266/ECE-366-Projects/project_1
# Command line       : vivado.exe -gui_launcher_event rodinguilauncherevent41544 C:\Users\dreia\Downloads\ECE266\ECE-366-Projects\project_1\project_1.xpr
# Log file           : C:/Users/dreia/Downloads/ECE266/ECE-366-Projects/project_1/vivado.log
# Journal file       : C:/Users/dreia/Downloads/ECE266/ECE-366-Projects/project_1\vivado.jou
# Running On         : slimetop
# Platform           : Windows Server 2016 or Windows 10
# Operating System   : 22631
# Processor Detail   : 13th Gen Intel(R) Core(TM) i7-13620H
# CPU Frequency      : 2918 MHz
# CPU Physical cores : 10
# CPU Logical cores  : 16
# Host memory        : 16869 MB
# Swap memory        : 5905 MB
# Total Virtual      : 22774 MB
# Available Virtual  : 6154 MB
#-----------------------------------------------------------
start_gui
open_project C:/Users/dreia/Downloads/ECE266/ECE-366-Projects/project_1/project_1.xpr
INFO: [Project 1-313] Project file moved from 'C:/Users/Devy/Desktop/ECE366_Projects/project_1' since last save.
INFO: [filemgmt 56-3] Default IP Output Path : Could not find the directory 'C:/Users/dreia/Downloads/ECE266/ECE-366-Projects/project_1/project_1.gen/sources_1'.
Scanning sources...
Finished scanning sources
INFO: [IP_Flow 19-234] Refreshing IP repositories
INFO: [IP_Flow 19-1704] No user IP repositories specified
INFO: [IP_Flow 19-2313] Loaded Vivado IP repository 'C:/Xilinx/Vivado/2024.2/data/ip'.
open_project: Time (s): cpu = 00:00:22 ; elapsed = 00:00:17 . Memory (MB): peak = 1246.480 ; gain = 141.426
update_compile_order -fileset sources_1
exit
INFO: [Common 17-206] Exiting Vivado at Thu Feb 27 18:22:57 2025...
roject_1.srcs/sources_1/new/four_bit_CLA.v w ]
add_files C:/Users/dreia/Downloads/ECE266/ECE-366-Projects/project_1/project_1.srcs/sources_1/new/four_bit_CLA.v
update_compile_order -fileset sources_1
exit
INFO: [Common 17-206] Exiting Vivado at Thu Feb 27 18:22:23 2025...
