#-----------------------------------------------------------
# Vivado v2024.2 (64-bit)
# SW Build 5239630 on Fri Nov 08 22:35:27 MST 2024
# IP Build 5239520 on Sun Nov 10 16:12:51 MST 2024
# SharedData Build 5239561 on Fri Nov 08 14:39:27 MST 2024
# Start of session at: Thu Feb 27 18:54:16 2025
# Process ID         : 52280
# Current directory  : C:/Users/dreia/Downloads/ECE266/ECE-366-Projects/project_1
# Command line       : vivado.exe -gui_launcher_event rodinguilauncherevent14724 C:\Users\dreia\Downloads\ECE266\ECE-366-Projects\project_1\project_1.xpr
# Log file           : C:/Users/dreia/Downloads/ECE266/ECE-366-Projects/project_1/vivado.log
# Journal file       : C:/Users/dreia/Downloads/ECE266/ECE-366-Projects/project_1\vivado.jou
# Running On         : slimetop
# Platform           : Windows Server 2016 or Windows 10
# Operating System   : 22631
# Processor Detail   : 13th Gen Intel(R) Core(TM) i7-13620H
# CPU Frequency      : 2918 MHz
# CPU Physical cores : 10
# CPU Logical cores  : 16
# Host memory        : 16869 MB
# Swap memory        : 5905 MB
# Total Virtual      : 22774 MB
# Available Virtual  : 5489 MB
#-----------------------------------------------------------
start_gui
open_project C:/Users/dreia/Downloads/ECE266/ECE-366-Projects/project_1/project_1.xpr
INFO: [filemgmt 56-3] Default IP Output Path : Could not find the directory 'C:/Users/dreia/Downloads/ECE266/ECE-366-Projects/project_1/project_1.gen/sources_1'.
Scanning sources...
Finished scanning sources
INFO: [IP_Flow 19-234] Refreshing IP repositories
INFO: [IP_Flow 19-1704] No user IP repositories specified
INFO: [IP_Flow 19-2313] Loaded Vivado IP repository 'C:/Xilinx/Vivado/2024.2/data/ip'.
update_compile_order -fileset sources_1
update_compile_order -fileset sources_1
exit
INFO: [Common 17-206] Exiting Vivado at Thu Feb 27 18:56:38 2025...
